<?xml version="1.0" encoding="UTF-8"?>
<testng-results ignored="0" total="1" passed="1" failed="0" skipped="0">
  <reporter-output>
  </reporter-output>
  <suite started-at="2019-03-28T07:01:26Z" name="Default suite" finished-at="2019-03-28T07:02:20Z" duration-ms="53868">
    <groups>
    </groups>
    <test started-at="2019-03-28T07:01:26Z" name="Default test" finished-at="2019-03-28T07:02:20Z" duration-ms="53868">
      <class name="test.VerifyLogin">
        <test-method signature="f()[pri:0, instance:test.VerifyLogin@8297b3a]" started-at="2019-03-28T07:01:26Z" name="f" finished-at="2019-03-28T07:02:20Z" duration-ms="53800" status="PASS">
          <reporter-output>
          </reporter-output>
        </test-method> <!-- f -->
      </class> <!-- test.VerifyLogin -->
    </test> <!-- Default test -->
  </suite> <!-- Default suite -->
</testng-results>
